<?xml version="1.0" encoding="UTF-8"?>
<!-- Generated by org.testng.reporters.JUnitXMLReporter -->
<testsuite hostname="EPHUBUDW2232" name="Default test" tests="4" failures="0" timestamp="8 Aug 2016 07:35:11 GMT" time="0.031" errors="0">
  <testcase name="testLaserBeam_shouldCreateLaserBeam_0Angle_XEqualsTo_150" time="0.015" classname="tests.weapons.LaserBeamTest"/>
  <testcase name="testLaserBeam_shouldCreateLaserBeam_0Angle_YEqualsTo_0" time="0.0" classname="tests.weapons.LaserBeamTest"/>
  <testcase name="testLaserBeam_shouldCreateLaserBeam_90Angle_XEqualsTo_0" time="0.0" classname="tests.weapons.LaserBeamTest"/>
  <testcase name="testLaserBeam_shouldCreateLaserBeam_90angle_YEqualsTo_minus150" time="0.0" classname="tests.weapons.LaserBeamTest"/>
</testsuite> <!-- Default test -->
