<?xml version="1.0" encoding="UTF-8"?>
<!-- Generated by org.testng.reporters.JUnitXMLReporter -->
<testsuite hostname="EPHUBUDW2232" name="Default test" tests="42" failures="0" timestamp="8 Aug 2016 13:27:09 GMT" time="0.083" errors="0">
  <testcase name="testHitCheckerForLaserBeam" time="0.016" classname="tests.weapons.LaserBeamTest"/>
  <testcase name="testHitCheckerForLaserBeam" time="0.0" classname="tests.weapons.LaserBeamTest"/>
  <testcase name="testHitCheckerForLaserBeam" time="0.0" classname="tests.weapons.LaserBeamTest"/>
  <testcase name="testHitCheckerForLaserBeam" time="0.0" classname="tests.weapons.LaserBeamTest"/>
  <testcase name="testHitCheckerForLaserBeam" time="0.0" classname="tests.weapons.LaserBeamTest"/>
  <testcase name="testHitCheckerForLaserBeam" time="0.0" classname="tests.weapons.LaserBeamTest"/>
  <testcase name="testHitCheckerForLaserBeam" time="0.0" classname="tests.weapons.LaserBeamTest"/>
  <testcase name="testHitCheckerForLaserBeam" time="0.0" classname="tests.weapons.LaserBeamTest"/>
  <testcase name="testHitCheckerForLaserBeam" time="0.0" classname="tests.weapons.LaserBeamTest"/>
  <testcase name="testHitCheckerForLaserBeam" time="0.0" classname="tests.weapons.LaserBeamTest"/>
  <testcase name="testHitCheckerForLaserBeam" time="0.0" classname="tests.weapons.LaserBeamTest"/>
  <testcase name="testHitCheckerForLaserBeam" time="0.0" classname="tests.weapons.LaserBeamTest"/>
  <testcase name="testHitCheckerForLaserBeam" time="0.0" classname="tests.weapons.LaserBeamTest"/>
  <testcase name="testHitCheckerForLaserBeam" time="0.0" classname="tests.weapons.LaserBeamTest"/>
  <testcase name="testHitCheckerForLaserBeam" time="0.016" classname="tests.weapons.LaserBeamTest"/>
  <testcase name="testHitCheckerForLaserBeam" time="0.0" classname="tests.weapons.LaserBeamTest"/>
  <testcase name="testHitCheckerForLaserBeam" time="0.0" classname="tests.weapons.LaserBeamTest"/>
  <testcase name="testHitCheckerForLaserBeam" time="0.0" classname="tests.weapons.LaserBeamTest"/>
  <testcase name="testHitCheckerForLaserBeam" time="0.0" classname="tests.weapons.LaserBeamTest"/>
  <testcase name="testHitCheckerForLaserBeam" time="0.0" classname="tests.weapons.LaserBeamTest"/>
  <testcase name="testHitCheckerForLaserBeam" time="0.0" classname="tests.weapons.LaserBeamTest"/>
  <testcase name="testHitCheckerForLaserBeam" time="0.0" classname="tests.weapons.LaserBeamTest"/>
  <testcase name="testHitCheckerForLaserBeam" time="0.0" classname="tests.weapons.LaserBeamTest"/>
  <testcase name="testHitCheckerForLaserBeam" time="0.0" classname="tests.weapons.LaserBeamTest"/>
  <testcase name="testHitCheckerForLaserBeam" time="0.0" classname="tests.weapons.LaserBeamTest"/>
  <testcase name="testHitCheckerForLaserBeam" time="0.0" classname="tests.weapons.LaserBeamTest"/>
  <testcase name="testHitCheckerForLaserBeam" time="0.0" classname="tests.weapons.LaserBeamTest"/>
  <testcase name="testHitCheckerForLaserBeam" time="0.0" classname="tests.weapons.LaserBeamTest"/>
  <testcase name="testHitCheckerForLaserBeam" time="0.0" classname="tests.weapons.LaserBeamTest"/>
  <testcase name="testHitCheckerForLaserBeam" time="0.0" classname="tests.weapons.LaserBeamTest"/>
  <testcase name="testHitCheckerForLaserBeam" time="0.0" classname="tests.weapons.LaserBeamTest"/>
  <testcase name="testHitCheckerForLaserBeam" time="0.0" classname="tests.weapons.LaserBeamTest"/>
  <testcase name="testLaserBeam_shouldCreateLaserBeam_XCoordinate" time="0.0" classname="tests.weapons.LaserBeamTest"/>
  <testcase name="testLaserBeam_shouldCreateLaserBeam_XCoordinate" time="0.0" classname="tests.weapons.LaserBeamTest"/>
  <testcase name="testLaserBeam_shouldCreateLaserBeam_XCoordinate" time="0.0" classname="tests.weapons.LaserBeamTest"/>
  <testcase name="testLaserBeam_shouldCreateLaserBeam_XCoordinate" time="0.0" classname="tests.weapons.LaserBeamTest"/>
  <testcase name="testLaserBeam_shouldCreateLaserBeam_YCoordinate" time="0.0" classname="tests.weapons.LaserBeamTest"/>
  <testcase name="testLaserBeam_shouldCreateLaserBeam_YCoordinate" time="0.0" classname="tests.weapons.LaserBeamTest"/>
  <testcase name="testLaserBeam_shouldCreateLaserBeam_YCoordinate" time="0.0" classname="tests.weapons.LaserBeamTest"/>
  <testcase name="testLaserBeam_shouldCreateLaserBeam_YCoordinate" time="0.015" classname="tests.weapons.LaserBeamTest"/>
  <testcase name="testPhysicalRepresentation" time="0.0" classname="tests.weapons.LaserBeamTest"/>
  <testcase name="testPhysicalRepresentation" time="0.0" classname="tests.weapons.BulletDataTest"/>
</testsuite> <!-- Default test -->
